<?xml version="1.0" encoding="UTF-8"?>
<testsuite xmlns:xsi="http://www.w3.org/2001/XMLSchema-instance" xsi:noNamespaceSchemaLocation="https://maven.apache.org/surefire/maven-surefire-plugin/xsd/surefire-test-report.xsd" version="3.0.2" name="com.alper.newsapiclient_spring_boot_starter.NewsApiClientTest" time="0.512" tests="3" errors="0" skipped="0" failures="0">
  <properties>
[...]
</properties>
  <testcase name="shouldInitializedPropertyWithDefaultUrl" classname="com.alper.newsapiclient_spring_boot_starter.NewsApiClientTest" time="0.385"/>
  <testcase name="shouldInitializedClientBean" classname="com.alper.newsapiclient_spring_boot_starter.NewsApiClientTest" time="0.014"/>
  <testcase name="whenApiKeyInvalidThrowException" classname="com.alper.newsapiclient_spring_boot_starter.NewsApiClientTest" time="0.013"/>
</testsuite>